<?xml version="1.0" encoding="UTF-8"?>
<testsuite xmlns:xsi="http://www.w3.org/2001/XMLSchema-instance" xsi:noNamespaceSchemaLocation="https://maven.apache.org/surefire/maven-surefire-plugin/xsd/surefire-test-report.xsd" name="com.example.helloworld.IntegrationTest" time="65.871" tests="2" errors="0" skipped="0" failures="0">
  <properties>
    <property name="sun.desktop" value="gnome"/>
    <property name="awt.toolkit" value="sun.awt.X11.XToolkit"/>
    <property name="file.encoding.pkg" value="sun.io"/>
    <property name="java.specification.version" value="1.8"/>
    <property name="sun.cpu.isalist" value=""/>
    <property name="sun.jnu.encoding" value="UTF-8"/>
    <property name="java.class.path" value="/home/appneta/test/server/target/test-classes:/home/appneta/test/server/target/classes:/home/appneta/.m2/repository/io/dropwizard/dropwizard-core/2.0.0-rc5-SNAPSHOT/dropwizard-core-2.0.0-rc5-SNAPSHOT.jar:/home/appneta/.m2/repository/io/dropwizard/dropwizard-util/2.0.0-rc5-SNAPSHOT/dropwizard-util-2.0.0-rc5-SNAPSHOT.jar:/home/appneta/.m2/repository/com/fasterxml/jackson/core/jackson-annotations/2.9.0/jackson-annotations-2.9.0.jar:/home/appneta/.m2/repository/com/google/guava/guava/28.0-jre/guava-28.0-jre.jar:/home/appneta/.m2/repository/com/google/guava/failureaccess/1.0.1/failureaccess-1.0.1.jar:/home/appneta/.m2/repository/com/google/guava/listenablefuture/9999.0-empty-to-avoid-conflict-with-guava/listenablefuture-9999.0-empty-to-avoid-conflict-with-guava.jar:/home/appneta/.m2/repository/com/google/j2objc/j2objc-annotations/1.3/j2objc-annotations-1.3.jar:/home/appneta/.m2/repository/org/codehaus/mojo/animal-sniffer-annotations/1.17/animal-sniffer-annotations-1.17.jar:/home/appneta/.m2/repository/com/google/code/findbugs/jsr305/3.0.2/jsr305-3.0.2.jar:/home/appneta/.m2/repository/joda-time/joda-time/2.10.3/joda-time-2.10.3.jar:/home/appneta/.m2/repository/io/dropwizard/dropwizard-jackson/2.0.0-rc5-SNAPSHOT/dropwizard-jackson-2.0.0-rc5-SNAPSHOT.jar:/home/appneta/.m2/repository/com/fasterxml/jackson/core/jackson-core/2.9.9/jackson-core-2.9.9.jar:/home/appneta/.m2/repository/com/fasterxml/jackson/core/jackson-databind/2.9.9.3/jackson-databind-2.9.9.3.jar:/home/appneta/.m2/repository/com/fasterxml/jackson/datatype/jackson-datatype-guava/2.9.9/jackson-datatype-guava-2.9.9.jar:/home/appneta/.m2/repository/com/fasterxml/jackson/datatype/jackson-datatype-jsr310/2.9.9/jackson-datatype-jsr310-2.9.9.jar:/home/appneta/.m2/repository/com/fasterxml/jackson/datatype/jackson-datatype-jdk8/2.9.9/jackson-datatype-jdk8-2.9.9.jar:/home/appneta/.m2/repository/com/fasterxml/jackson/module/jackson-module-parameter-names/2.9.9/jackson-module-parameter-names-2.9.9.jar:/home/appneta/.m2/repository/com/fasterxml/jackson/module/jackson-module-afterburner/2.9.9/jackson-module-afterburner-2.9.9.jar:/home/appneta/.m2/repository/com/fasterxml/jackson/datatype/jackson-datatype-joda/2.9.9/jackson-datatype-joda-2.9.9.jar:/home/appneta/.m2/repository/org/slf4j/slf4j-api/1.7.27/slf4j-api-1.7.27.jar:/home/appneta/.m2/repository/io/dropwizard/dropwizard-validation/2.0.0-rc5-SNAPSHOT/dropwizard-validation-2.0.0-rc5-SNAPSHOT.jar:/home/appneta/.m2/repository/org/hibernate/validator/hibernate-validator/6.0.17.Final/hibernate-validator-6.0.17.Final.jar:/home/appneta/.m2/repository/org/jboss/logging/jboss-logging/3.3.2.Final/jboss-logging-3.3.2.Final.jar:/home/appneta/.m2/repository/org/glassfish/jakarta.el/3.0.2/jakarta.el-3.0.2.jar:/home/appneta/.m2/repository/org/javassist/javassist/3.25.0-GA/javassist-3.25.0-GA.jar:/home/appneta/.m2/repository/io/dropwizard/dropwizard-configuration/2.0.0-rc5-SNAPSHOT/dropwizard-configuration-2.0.0-rc5-SNAPSHOT.jar:/home/appneta/.m2/repository/com/fasterxml/jackson/dataformat/jackson-dataformat-yaml/2.9.9/jackson-dataformat-yaml-2.9.9.jar:/home/appneta/.m2/repository/org/yaml/snakeyaml/1.23/snakeyaml-1.23.jar:/home/appneta/.m2/repository/org/apache/commons/commons-lang3/3.9/commons-lang3-3.9.jar:/home/appneta/.m2/repository/org/apache/commons/commons-text/1.7/commons-text-1.7.jar:/home/appneta/.m2/repository/io/dropwizard/dropwizard-logging/2.0.0-rc5-SNAPSHOT/dropwizard-logging-2.0.0-rc5-SNAPSHOT.jar:/home/appneta/.m2/repository/io/dropwizard/metrics/metrics-logback/4.1.0/metrics-logback-4.1.0.jar:/home/appneta/.m2/repository/org/slf4j/jul-to-slf4j/1.7.27/jul-to-slf4j-1.7.27.jar:/home/appneta/.m2/repository/ch/qos/logback/logback-core/1.2.3/logback-core-1.2.3.jar:/home/appneta/.m2/repository/ch/qos/logback/logback-classic/1.2.3/logback-classic-1.2.3.jar:/home/appneta/.m2/repository/io/dropwizard/logback/logback-throttling-appender/1.0.1/logback-throttling-appender-1.0.1.jar:/home/appneta/.m2/repository/org/slf4j/log4j-over-slf4j/1.7.27/log4j-over-slf4j-1.7.27.jar:/home/appneta/.m2/repository/org/slf4j/jcl-over-slf4j/1.7.27/jcl-over-slf4j-1.7.27.jar:/home/appneta/.m2/repository/org/eclipse/jetty/jetty-util/9.4.19.v20190610/jetty-util-9.4.19.v20190610.jar:/home/appneta/.m2/repository/io/dropwizard/dropwizard-metrics/2.0.0-rc5-SNAPSHOT/dropwizard-metrics-2.0.0-rc5-SNAPSHOT.jar:/home/appneta/.m2/repository/io/dropwizard/dropwizard-jersey/2.0.0-rc5-SNAPSHOT/dropwizard-jersey-2.0.0-rc5-SNAPSHOT.jar:/home/appneta/.m2/repository/org/glassfish/jersey/ext/jersey-metainf-services/2.29/jersey-metainf-services-2.29.jar:/home/appneta/.m2/repository/org/glassfish/jersey/ext/jersey-bean-validation/2.29/jersey-bean-validation-2.29.jar:/home/appneta/.m2/repository/org/glassfish/jersey/inject/jersey-hk2/2.29/jersey-hk2-2.29.jar:/home/appneta/.m2/repository/org/glassfish/hk2/hk2-locator/2.5.0/hk2-locator-2.5.0.jar:/home/appneta/.m2/repository/org/glassfish/hk2/external/aopalliance-repackaged/2.5.0/aopalliance-repackaged-2.5.0.jar:/home/appneta/.m2/repository/org/glassfish/hk2/hk2-api/2.5.0/hk2-api-2.5.0.jar:/home/appneta/.m2/repository/org/glassfish/hk2/hk2-utils/2.5.0/hk2-utils-2.5.0.jar:/home/appneta/.m2/repository/io/dropwizard/metrics/metrics-jersey2/4.1.0/metrics-jersey2-4.1.0.jar:/home/appneta/.m2/repository/com/fasterxml/jackson/jaxrs/jackson-jaxrs-json-provider/2.9.9/jackson-jaxrs-json-provider-2.9.9.jar:/home/appneta/.m2/repository/com/fasterxml/jackson/jaxrs/jackson-jaxrs-base/2.9.9/jackson-jaxrs-base-2.9.9.jar:/home/appneta/.m2/repository/com/fasterxml/jackson/module/jackson-module-jaxb-annotations/2.9.9/jackson-module-jaxb-annotations-2.9.9.jar:/home/appneta/.m2/repository/org/glassfish/jersey/containers/jersey-container-servlet/2.29/jersey-container-servlet-2.29.jar:/home/appneta/.m2/repository/org/eclipse/jetty/jetty-server/9.4.19.v20190610/jetty-server-9.4.19.v20190610.jar:/home/appneta/.m2/repository/javax/servlet/javax.servlet-api/4.0.1/javax.servlet-api-4.0.1.jar:/home/appneta/.m2/repository/org/eclipse/jetty/jetty-webapp/9.4.19.v20190610/jetty-webapp-9.4.19.v20190610.jar:/home/appneta/.m2/repository/org/eclipse/jetty/jetty-xml/9.4.19.v20190610/jetty-xml-9.4.19.v20190610.jar:/home/appneta/.m2/repository/org/eclipse/jetty/jetty-continuation/9.4.19.v20190610/jetty-continuation-9.4.19.v20190610.jar:/home/appneta/.m2/repository/javax/xml/bind/jaxb-api/2.3.1/jaxb-api-2.3.1.jar:/home/appneta/.m2/repository/javax/activation/javax.activation-api/1.2.0/javax.activation-api-1.2.0.jar:/home/appneta/.m2/repository/io/dropwizard/dropwizard-servlets/2.0.0-rc5-SNAPSHOT/dropwizard-servlets-2.0.0-rc5-SNAPSHOT.jar:/home/appneta/.m2/repository/io/dropwizard/metrics/metrics-annotation/4.1.0/metrics-annotation-4.1.0.jar:/home/appneta/.m2/repository/io/dropwizard/dropwizard-jetty/2.0.0-rc5-SNAPSHOT/dropwizard-jetty-2.0.0-rc5-SNAPSHOT.jar:/home/appneta/.m2/repository/io/dropwizard/metrics/metrics-jetty9/4.1.0/metrics-jetty9-4.1.0.jar:/home/appneta/.m2/repository/org/eclipse/jetty/jetty-servlet/9.4.19.v20190610/jetty-servlet-9.4.19.v20190610.jar:/home/appneta/.m2/repository/org/eclipse/jetty/jetty-security/9.4.19.v20190610/jetty-security-9.4.19.v20190610.jar:/home/appneta/.m2/repository/org/eclipse/jetty/jetty-servlets/9.4.19.v20190610/jetty-servlets-9.4.19.v20190610.jar:/home/appneta/.m2/repository/org/eclipse/jetty/jetty-http/9.4.19.v20190610/jetty-http-9.4.19.v20190610.jar:/home/appneta/.m2/repository/io/dropwizard/dropwizard-lifecycle/2.0.0-rc5-SNAPSHOT/dropwizard-lifecycle-2.0.0-rc5-SNAPSHOT.jar:/home/appneta/.m2/repository/io/dropwizard/metrics/metrics-core/4.1.0/metrics-core-4.1.0.jar:/home/appneta/.m2/repository/io/dropwizard/metrics/metrics-jvm/4.1.0/metrics-jvm-4.1.0.jar:/home/appneta/.m2/repository/io/dropwizard/metrics/metrics-jmx/4.1.0/metrics-jmx-4.1.0.jar:/home/appneta/.m2/repository/io/dropwizard/metrics/metrics-servlets/4.1.0/metrics-servlets-4.1.0.jar:/home/appneta/.m2/repository/io/dropwizard/metrics/metrics-json/4.1.0/metrics-json-4.1.0.jar:/home/appneta/.m2/repository/com/papertrail/profiler/1.0.2/profiler-1.0.2.jar:/home/appneta/.m2/repository/io/dropwizard/metrics/metrics-healthchecks/4.1.0/metrics-healthchecks-4.1.0.jar:/home/appneta/.m2/repository/io/dropwizard/dropwizard-request-logging/2.0.0-rc5-SNAPSHOT/dropwizard-request-logging-2.0.0-rc5-SNAPSHOT.jar:/home/appneta/.m2/repository/ch/qos/logback/logback-access/1.2.3/logback-access-1.2.3.jar:/home/appneta/.m2/repository/net/sourceforge/argparse4j/argparse4j/0.8.1/argparse4j-0.8.1.jar:/home/appneta/.m2/repository/org/eclipse/jetty/toolchain/setuid/jetty-setuid-java/1.0.3/jetty-setuid-java-1.0.3.jar:/home/appneta/.m2/repository/io/dropwizard/dropwizard-auth/2.0.0-rc5-SNAPSHOT/dropwizard-auth-2.0.0-rc5-SNAPSHOT.jar:/home/appneta/.m2/repository/com/github/ben-manes/caffeine/caffeine/2.8.0/caffeine-2.8.0.jar:/home/appneta/.m2/repository/org/checkerframework/checker-qual/2.10.0/checker-qual-2.10.0.jar:/home/appneta/.m2/repository/com/google/errorprone/error_prone_annotations/2.3.3/error_prone_annotations-2.3.3.jar:/home/appneta/.m2/repository/io/dropwizard/dropwizard-assets/2.0.0-rc5-SNAPSHOT/dropwizard-assets-2.0.0-rc5-SNAPSHOT.jar:/home/appneta/.m2/repository/io/dropwizard/dropwizard-http2/2.0.0-rc5-SNAPSHOT/dropwizard-http2-2.0.0-rc5-SNAPSHOT.jar:/home/appneta/.m2/repository/org/eclipse/jetty/http2/http2-server/9.4.19.v20190610/http2-server-9.4.19.v20190610.jar:/home/appneta/.m2/repository/org/eclipse/jetty/http2/http2-common/9.4.19.v20190610/http2-common-9.4.19.v20190610.jar:/home/appneta/.m2/repository/org/eclipse/jetty/http2/http2-hpack/9.4.19.v20190610/http2-hpack-9.4.19.v20190610.jar:/home/appneta/.m2/repository/org/eclipse/jetty/jetty-alpn-openjdk8-server/9.4.19.v20190610/jetty-alpn-openjdk8-server-9.4.19.v20190610.jar:/home/appneta/.m2/repository/org/eclipse/jetty/jetty-alpn-server/9.4.19.v20190610/jetty-alpn-server-9.4.19.v20190610.jar:/home/appneta/.m2/repository/org/eclipse/jetty/jetty-io/9.4.19.v20190610/jetty-io-9.4.19.v20190610.jar:/home/appneta/.m2/repository/io/dropwizard/dropwizard-hibernate/2.0.0-rc5-SNAPSHOT/dropwizard-hibernate-2.0.0-rc5-SNAPSHOT.jar:/home/appneta/.m2/repository/io/dropwizard/dropwizard-db/2.0.0-rc5-SNAPSHOT/dropwizard-db-2.0.0-rc5-SNAPSHOT.jar:/home/appneta/.m2/repository/org/apache/tomcat/tomcat-jdbc/9.0.22/tomcat-jdbc-9.0.22.jar:/home/appneta/.m2/repository/org/apache/tomcat/tomcat-juli/9.0.22/tomcat-juli-9.0.22.jar:/home/appneta/.m2/repository/com/fasterxml/jackson/datatype/jackson-datatype-hibernate5/2.9.9/jackson-datatype-hibernate5-2.9.9.jar:/home/appneta/.m2/repository/org/jadira/usertype/usertype.core/7.0.0.CR1/usertype.core-7.0.0.CR1.jar:/home/appneta/.m2/repository/org/jadira/usertype/usertype.spi/7.0.0.CR1/usertype.spi-7.0.0.CR1.jar:/home/appneta/.m2/repository/org/hibernate/hibernate-core/5.4.4.Final/hibernate-core-5.4.4.Final.jar:/home/appneta/.m2/repository/javax/persistence/javax.persistence-api/2.2/javax.persistence-api-2.2.jar:/home/appneta/.m2/repository/antlr/antlr/2.7.7/antlr-2.7.7.jar:/home/appneta/.m2/repository/org/jboss/spec/javax/transaction/jboss-transaction-api_1.2_spec/1.1.1.Final/jboss-transaction-api_1.2_spec-1.1.1.Final.jar:/home/appneta/.m2/repository/org/jboss/jandex/2.0.5.Final/jandex-2.0.5.Final.jar:/home/appneta/.m2/repository/com/fasterxml/classmate/1.5.0/classmate-1.5.0.jar:/home/appneta/.m2/repository/org/dom4j/dom4j/2.1.1/dom4j-2.1.1.jar:/home/appneta/.m2/repository/org/hibernate/common/hibernate-commons-annotations/5.1.0.Final/hibernate-commons-annotations-5.1.0.Final.jar:/home/appneta/.m2/repository/org/glassfish/jaxb/jaxb-runtime/2.3.1/jaxb-runtime-2.3.1.jar:/home/appneta/.m2/repository/org/glassfish/jaxb/txw2/2.3.1/txw2-2.3.1.jar:/home/appneta/.m2/repository/com/sun/istack/istack-commons-runtime/3.0.7/istack-commons-runtime-3.0.7.jar:/home/appneta/.m2/repository/org/jvnet/staxex/stax-ex/1.8/stax-ex-1.8.jar:/home/appneta/.m2/repository/com/sun/xml/fastinfoset/FastInfoset/1.2.15/FastInfoset-1.2.15.jar:/home/appneta/.m2/repository/io/dropwizard/dropwizard-migrations/2.0.0-rc5-SNAPSHOT/dropwizard-migrations-2.0.0-rc5-SNAPSHOT.jar:/home/appneta/.m2/repository/org/liquibase/liquibase-core/3.7.0/liquibase-core-3.7.0.jar:/home/appneta/.m2/repository/com/mattbertolini/liquibase-slf4j/2.0.0/liquibase-slf4j-2.0.0.jar:/home/appneta/.m2/repository/io/dropwizard/dropwizard-views-freemarker/2.0.0-rc5-SNAPSHOT/dropwizard-views-freemarker-2.0.0-rc5-SNAPSHOT.jar:/home/appneta/.m2/repository/io/dropwizard/dropwizard-views/2.0.0-rc5-SNAPSHOT/dropwizard-views-2.0.0-rc5-SNAPSHOT.jar:/home/appneta/.m2/repository/org/freemarker/freemarker/2.3.28/freemarker-2.3.28.jar:/home/appneta/.m2/repository/io/dropwizard/dropwizard-views-mustache/2.0.0-rc5-SNAPSHOT/dropwizard-views-mustache-2.0.0-rc5-SNAPSHOT.jar:/home/appneta/.m2/repository/com/github/spullara/mustache/java/compiler/0.9.6/compiler-0.9.6.jar:/home/appneta/.m2/repository/io/dropwizard/dropwizard-metrics-graphite/2.0.0-rc5-SNAPSHOT/dropwizard-metrics-graphite-2.0.0-rc5-SNAPSHOT.jar:/home/appneta/.m2/repository/io/dropwizard/metrics/metrics-graphite/4.1.0/metrics-graphite-4.1.0.jar:/home/appneta/.m2/repository/com/rabbitmq/amqp-client/5.5.3/amqp-client-5.5.3.jar:/home/appneta/.m2/repository/com/h2database/h2/1.4.199/h2-1.4.199.jar:/home/appneta/.m2/repository/io/dropwizard/dropwizard-testing/2.0.0-rc5-SNAPSHOT/dropwizard-testing-2.0.0-rc5-SNAPSHOT.jar:/home/appneta/.m2/repository/org/objenesis/objenesis/3.0.1/objenesis-3.0.1.jar:/home/appneta/.m2/repository/org/assertj/assertj-core/3.13.2/assertj-core-3.13.2.jar:/home/appneta/.m2/repository/org/junit/jupiter/junit-jupiter/5.5.2/junit-jupiter-5.5.2.jar:/home/appneta/.m2/repository/org/junit/jupiter/junit-jupiter-api/5.5.1/junit-jupiter-api-5.5.1.jar:/home/appneta/.m2/repository/org/apiguardian/apiguardian-api/1.1.0/apiguardian-api-1.1.0.jar:/home/appneta/.m2/repository/org/opentest4j/opentest4j/1.2.0/opentest4j-1.2.0.jar:/home/appneta/.m2/repository/org/junit/platform/junit-platform-commons/1.5.1/junit-platform-commons-1.5.1.jar:/home/appneta/.m2/repository/org/junit/jupiter/junit-jupiter-params/5.5.1/junit-jupiter-params-5.5.1.jar:/home/appneta/.m2/repository/org/junit/jupiter/junit-jupiter-engine/5.5.1/junit-jupiter-engine-5.5.1.jar:/home/appneta/.m2/repository/org/junit/platform/junit-platform-engine/1.5.1/junit-platform-engine-1.5.1.jar:/home/appneta/.m2/repository/org/mockito/mockito-core/3.0.0/mockito-core-3.0.0.jar:/home/appneta/.m2/repository/net/bytebuddy/byte-buddy/1.10.0/byte-buddy-1.10.0.jar:/home/appneta/.m2/repository/net/bytebuddy/byte-buddy-agent/1.9.10/byte-buddy-agent-1.9.10.jar:/home/appneta/.m2/repository/org/glassfish/jersey/test-framework/providers/jersey-test-framework-provider-inmemory/2.29/jersey-test-framework-provider-inmemory-2.29.jar:/home/appneta/.m2/repository/org/glassfish/jersey/test-framework/jersey-test-framework-core/2.29/jersey-test-framework-core-2.29.jar:/home/appneta/.m2/repository/org/glassfish/jersey/containers/jersey-container-servlet-core/2.29/jersey-container-servlet-core-2.29.jar:/home/appneta/.m2/repository/org/glassfish/jersey/core/jersey-server/2.29/jersey-server-2.29.jar:/home/appneta/.m2/repository/org/glassfish/jersey/core/jersey-common/2.29/jersey-common-2.29.jar:/home/appneta/.m2/repository/org/glassfish/hk2/osgi-resource-locator/1.0.3/osgi-resource-locator-1.0.3.jar:/home/appneta/.m2/repository/jakarta/ws/rs/jakarta.ws.rs-api/2.1.5/jakarta.ws.rs-api-2.1.5.jar:/home/appneta/.m2/repository/org/glassfish/jersey/media/jersey-media-jaxb/2.29/jersey-media-jaxb-2.29.jar:/home/appneta/.m2/repository/jakarta/annotation/jakarta.annotation-api/1.3.4/jakarta.annotation-api-1.3.4.jar:/home/appneta/.m2/repository/org/glassfish/hk2/external/jakarta.inject/2.5.0/jakarta.inject-2.5.0.jar:/home/appneta/.m2/repository/javax/validation/validation-api/2.0.1.Final/validation-api-2.0.1.Final.jar:/home/appneta/.m2/repository/org/glassfish/jersey/core/jersey-client/2.29/jersey-client-2.29.jar:/home/appneta/.m2/repository/org/glassfish/jersey/test-framework/providers/jersey-test-framework-provider-grizzly2/2.29/jersey-test-framework-provider-grizzly2-2.29.jar:/home/appneta/.m2/repository/jakarta/servlet/jakarta.servlet-api/4.0.2/jakarta.servlet-api-4.0.2.jar:/home/appneta/.m2/repository/org/glassfish/jersey/containers/jersey-container-grizzly2-http/2.29/jersey-container-grizzly2-http-2.29.jar:/home/appneta/.m2/repository/org/glassfish/grizzly/grizzly-http-server/2.4.4/grizzly-http-server-2.4.4.jar:/home/appneta/.m2/repository/org/glassfish/grizzly/grizzly-http/2.4.4/grizzly-http-2.4.4.jar:/home/appneta/.m2/repository/org/glassfish/grizzly/grizzly-framework/2.4.4/grizzly-framework-2.4.4.jar:/home/appneta/.m2/repository/org/glassfish/jersey/containers/jersey-container-grizzly2-servlet/2.29/jersey-container-grizzly2-servlet-2.29.jar:/home/appneta/.m2/repository/org/glassfish/grizzly/grizzly-http-servlet/2.4.4/grizzly-http-servlet-2.4.4.jar:"/>
    <property name="java.vm.vendor" value="Private Build"/>
    <property name="sun.arch.data.model" value="64"/>
    <property name="java.vendor.url" value="http://java.oracle.com/"/>
    <property name="user.timezone" value=""/>
    <property name="java.vm.specification.version" value="1.8"/>
    <property name="os.name" value="Linux"/>
    <property name="user.country" value="US"/>
    <property name="sun.java.launcher" value="SUN_STANDARD"/>
    <property name="sun.boot.library.path" value="/usr/lib/jvm/java-8-openjdk-amd64/jre/lib/amd64"/>
    <property name="sun.java.command" value="/home/appneta/test/server/target/surefire/surefirebooter4789875554334502332.jar /home/appneta/test/server/target/surefire 2019-10-03T06-32-53_724-jvmRun1 surefire6721422785736748201tmp surefire_07112646537959281107tmp"/>
    <property name="surefire.test.class.path" value="/home/appneta/test/server/target/test-classes:/home/appneta/test/server/target/classes:/home/appneta/.m2/repository/io/dropwizard/dropwizard-core/2.0.0-rc5-SNAPSHOT/dropwizard-core-2.0.0-rc5-SNAPSHOT.jar:/home/appneta/.m2/repository/io/dropwizard/dropwizard-util/2.0.0-rc5-SNAPSHOT/dropwizard-util-2.0.0-rc5-SNAPSHOT.jar:/home/appneta/.m2/repository/com/fasterxml/jackson/core/jackson-annotations/2.9.0/jackson-annotations-2.9.0.jar:/home/appneta/.m2/repository/com/google/guava/guava/28.0-jre/guava-28.0-jre.jar:/home/appneta/.m2/repository/com/google/guava/failureaccess/1.0.1/failureaccess-1.0.1.jar:/home/appneta/.m2/repository/com/google/guava/listenablefuture/9999.0-empty-to-avoid-conflict-with-guava/listenablefuture-9999.0-empty-to-avoid-conflict-with-guava.jar:/home/appneta/.m2/repository/com/google/j2objc/j2objc-annotations/1.3/j2objc-annotations-1.3.jar:/home/appneta/.m2/repository/org/codehaus/mojo/animal-sniffer-annotations/1.17/animal-sniffer-annotations-1.17.jar:/home/appneta/.m2/repository/com/google/code/findbugs/jsr305/3.0.2/jsr305-3.0.2.jar:/home/appneta/.m2/repository/joda-time/joda-time/2.10.3/joda-time-2.10.3.jar:/home/appneta/.m2/repository/io/dropwizard/dropwizard-jackson/2.0.0-rc5-SNAPSHOT/dropwizard-jackson-2.0.0-rc5-SNAPSHOT.jar:/home/appneta/.m2/repository/com/fasterxml/jackson/core/jackson-core/2.9.9/jackson-core-2.9.9.jar:/home/appneta/.m2/repository/com/fasterxml/jackson/core/jackson-databind/2.9.9.3/jackson-databind-2.9.9.3.jar:/home/appneta/.m2/repository/com/fasterxml/jackson/datatype/jackson-datatype-guava/2.9.9/jackson-datatype-guava-2.9.9.jar:/home/appneta/.m2/repository/com/fasterxml/jackson/datatype/jackson-datatype-jsr310/2.9.9/jackson-datatype-jsr310-2.9.9.jar:/home/appneta/.m2/repository/com/fasterxml/jackson/datatype/jackson-datatype-jdk8/2.9.9/jackson-datatype-jdk8-2.9.9.jar:/home/appneta/.m2/repository/com/fasterxml/jackson/module/jackson-module-parameter-names/2.9.9/jackson-module-parameter-names-2.9.9.jar:/home/appneta/.m2/repository/com/fasterxml/jackson/module/jackson-module-afterburner/2.9.9/jackson-module-afterburner-2.9.9.jar:/home/appneta/.m2/repository/com/fasterxml/jackson/datatype/jackson-datatype-joda/2.9.9/jackson-datatype-joda-2.9.9.jar:/home/appneta/.m2/repository/org/slf4j/slf4j-api/1.7.27/slf4j-api-1.7.27.jar:/home/appneta/.m2/repository/io/dropwizard/dropwizard-validation/2.0.0-rc5-SNAPSHOT/dropwizard-validation-2.0.0-rc5-SNAPSHOT.jar:/home/appneta/.m2/repository/org/hibernate/validator/hibernate-validator/6.0.17.Final/hibernate-validator-6.0.17.Final.jar:/home/appneta/.m2/repository/org/jboss/logging/jboss-logging/3.3.2.Final/jboss-logging-3.3.2.Final.jar:/home/appneta/.m2/repository/org/glassfish/jakarta.el/3.0.2/jakarta.el-3.0.2.jar:/home/appneta/.m2/repository/org/javassist/javassist/3.25.0-GA/javassist-3.25.0-GA.jar:/home/appneta/.m2/repository/io/dropwizard/dropwizard-configuration/2.0.0-rc5-SNAPSHOT/dropwizard-configuration-2.0.0-rc5-SNAPSHOT.jar:/home/appneta/.m2/repository/com/fasterxml/jackson/dataformat/jackson-dataformat-yaml/2.9.9/jackson-dataformat-yaml-2.9.9.jar:/home/appneta/.m2/repository/org/yaml/snakeyaml/1.23/snakeyaml-1.23.jar:/home/appneta/.m2/repository/org/apache/commons/commons-lang3/3.9/commons-lang3-3.9.jar:/home/appneta/.m2/repository/org/apache/commons/commons-text/1.7/commons-text-1.7.jar:/home/appneta/.m2/repository/io/dropwizard/dropwizard-logging/2.0.0-rc5-SNAPSHOT/dropwizard-logging-2.0.0-rc5-SNAPSHOT.jar:/home/appneta/.m2/repository/io/dropwizard/metrics/metrics-logback/4.1.0/metrics-logback-4.1.0.jar:/home/appneta/.m2/repository/org/slf4j/jul-to-slf4j/1.7.27/jul-to-slf4j-1.7.27.jar:/home/appneta/.m2/repository/ch/qos/logback/logback-core/1.2.3/logback-core-1.2.3.jar:/home/appneta/.m2/repository/ch/qos/logback/logback-classic/1.2.3/logback-classic-1.2.3.jar:/home/appneta/.m2/repository/io/dropwizard/logback/logback-throttling-appender/1.0.1/logback-throttling-appender-1.0.1.jar:/home/appneta/.m2/repository/org/slf4j/log4j-over-slf4j/1.7.27/log4j-over-slf4j-1.7.27.jar:/home/appneta/.m2/repository/org/slf4j/jcl-over-slf4j/1.7.27/jcl-over-slf4j-1.7.27.jar:/home/appneta/.m2/repository/org/eclipse/jetty/jetty-util/9.4.19.v20190610/jetty-util-9.4.19.v20190610.jar:/home/appneta/.m2/repository/io/dropwizard/dropwizard-metrics/2.0.0-rc5-SNAPSHOT/dropwizard-metrics-2.0.0-rc5-SNAPSHOT.jar:/home/appneta/.m2/repository/io/dropwizard/dropwizard-jersey/2.0.0-rc5-SNAPSHOT/dropwizard-jersey-2.0.0-rc5-SNAPSHOT.jar:/home/appneta/.m2/repository/org/glassfish/jersey/ext/jersey-metainf-services/2.29/jersey-metainf-services-2.29.jar:/home/appneta/.m2/repository/org/glassfish/jersey/ext/jersey-bean-validation/2.29/jersey-bean-validation-2.29.jar:/home/appneta/.m2/repository/org/glassfish/jersey/inject/jersey-hk2/2.29/jersey-hk2-2.29.jar:/home/appneta/.m2/repository/org/glassfish/hk2/hk2-locator/2.5.0/hk2-locator-2.5.0.jar:/home/appneta/.m2/repository/org/glassfish/hk2/external/aopalliance-repackaged/2.5.0/aopalliance-repackaged-2.5.0.jar:/home/appneta/.m2/repository/org/glassfish/hk2/hk2-api/2.5.0/hk2-api-2.5.0.jar:/home/appneta/.m2/repository/org/glassfish/hk2/hk2-utils/2.5.0/hk2-utils-2.5.0.jar:/home/appneta/.m2/repository/io/dropwizard/metrics/metrics-jersey2/4.1.0/metrics-jersey2-4.1.0.jar:/home/appneta/.m2/repository/com/fasterxml/jackson/jaxrs/jackson-jaxrs-json-provider/2.9.9/jackson-jaxrs-json-provider-2.9.9.jar:/home/appneta/.m2/repository/com/fasterxml/jackson/jaxrs/jackson-jaxrs-base/2.9.9/jackson-jaxrs-base-2.9.9.jar:/home/appneta/.m2/repository/com/fasterxml/jackson/module/jackson-module-jaxb-annotations/2.9.9/jackson-module-jaxb-annotations-2.9.9.jar:/home/appneta/.m2/repository/org/glassfish/jersey/containers/jersey-container-servlet/2.29/jersey-container-servlet-2.29.jar:/home/appneta/.m2/repository/org/eclipse/jetty/jetty-server/9.4.19.v20190610/jetty-server-9.4.19.v20190610.jar:/home/appneta/.m2/repository/javax/servlet/javax.servlet-api/4.0.1/javax.servlet-api-4.0.1.jar:/home/appneta/.m2/repository/org/eclipse/jetty/jetty-webapp/9.4.19.v20190610/jetty-webapp-9.4.19.v20190610.jar:/home/appneta/.m2/repository/org/eclipse/jetty/jetty-xml/9.4.19.v20190610/jetty-xml-9.4.19.v20190610.jar:/home/appneta/.m2/repository/org/eclipse/jetty/jetty-continuation/9.4.19.v20190610/jetty-continuation-9.4.19.v20190610.jar:/home/appneta/.m2/repository/javax/xml/bind/jaxb-api/2.3.1/jaxb-api-2.3.1.jar:/home/appneta/.m2/repository/javax/activation/javax.activation-api/1.2.0/javax.activation-api-1.2.0.jar:/home/appneta/.m2/repository/io/dropwizard/dropwizard-servlets/2.0.0-rc5-SNAPSHOT/dropwizard-servlets-2.0.0-rc5-SNAPSHOT.jar:/home/appneta/.m2/repository/io/dropwizard/metrics/metrics-annotation/4.1.0/metrics-annotation-4.1.0.jar:/home/appneta/.m2/repository/io/dropwizard/dropwizard-jetty/2.0.0-rc5-SNAPSHOT/dropwizard-jetty-2.0.0-rc5-SNAPSHOT.jar:/home/appneta/.m2/repository/io/dropwizard/metrics/metrics-jetty9/4.1.0/metrics-jetty9-4.1.0.jar:/home/appneta/.m2/repository/org/eclipse/jetty/jetty-servlet/9.4.19.v20190610/jetty-servlet-9.4.19.v20190610.jar:/home/appneta/.m2/repository/org/eclipse/jetty/jetty-security/9.4.19.v20190610/jetty-security-9.4.19.v20190610.jar:/home/appneta/.m2/repository/org/eclipse/jetty/jetty-servlets/9.4.19.v20190610/jetty-servlets-9.4.19.v20190610.jar:/home/appneta/.m2/repository/org/eclipse/jetty/jetty-http/9.4.19.v20190610/jetty-http-9.4.19.v20190610.jar:/home/appneta/.m2/repository/io/dropwizard/dropwizard-lifecycle/2.0.0-rc5-SNAPSHOT/dropwizard-lifecycle-2.0.0-rc5-SNAPSHOT.jar:/home/appneta/.m2/repository/io/dropwizard/metrics/metrics-core/4.1.0/metrics-core-4.1.0.jar:/home/appneta/.m2/repository/io/dropwizard/metrics/metrics-jvm/4.1.0/metrics-jvm-4.1.0.jar:/home/appneta/.m2/repository/io/dropwizard/metrics/metrics-jmx/4.1.0/metrics-jmx-4.1.0.jar:/home/appneta/.m2/repository/io/dropwizard/metrics/metrics-servlets/4.1.0/metrics-servlets-4.1.0.jar:/home/appneta/.m2/repository/io/dropwizard/metrics/metrics-json/4.1.0/metrics-json-4.1.0.jar:/home/appneta/.m2/repository/com/papertrail/profiler/1.0.2/profiler-1.0.2.jar:/home/appneta/.m2/repository/io/dropwizard/metrics/metrics-healthchecks/4.1.0/metrics-healthchecks-4.1.0.jar:/home/appneta/.m2/repository/io/dropwizard/dropwizard-request-logging/2.0.0-rc5-SNAPSHOT/dropwizard-request-logging-2.0.0-rc5-SNAPSHOT.jar:/home/appneta/.m2/repository/ch/qos/logback/logback-access/1.2.3/logback-access-1.2.3.jar:/home/appneta/.m2/repository/net/sourceforge/argparse4j/argparse4j/0.8.1/argparse4j-0.8.1.jar:/home/appneta/.m2/repository/org/eclipse/jetty/toolchain/setuid/jetty-setuid-java/1.0.3/jetty-setuid-java-1.0.3.jar:/home/appneta/.m2/repository/io/dropwizard/dropwizard-auth/2.0.0-rc5-SNAPSHOT/dropwizard-auth-2.0.0-rc5-SNAPSHOT.jar:/home/appneta/.m2/repository/com/github/ben-manes/caffeine/caffeine/2.8.0/caffeine-2.8.0.jar:/home/appneta/.m2/repository/org/checkerframework/checker-qual/2.10.0/checker-qual-2.10.0.jar:/home/appneta/.m2/repository/com/google/errorprone/error_prone_annotations/2.3.3/error_prone_annotations-2.3.3.jar:/home/appneta/.m2/repository/io/dropwizard/dropwizard-assets/2.0.0-rc5-SNAPSHOT/dropwizard-assets-2.0.0-rc5-SNAPSHOT.jar:/home/appneta/.m2/repository/io/dropwizard/dropwizard-http2/2.0.0-rc5-SNAPSHOT/dropwizard-http2-2.0.0-rc5-SNAPSHOT.jar:/home/appneta/.m2/repository/org/eclipse/jetty/http2/http2-server/9.4.19.v20190610/http2-server-9.4.19.v20190610.jar:/home/appneta/.m2/repository/org/eclipse/jetty/http2/http2-common/9.4.19.v20190610/http2-common-9.4.19.v20190610.jar:/home/appneta/.m2/repository/org/eclipse/jetty/http2/http2-hpack/9.4.19.v20190610/http2-hpack-9.4.19.v20190610.jar:/home/appneta/.m2/repository/org/eclipse/jetty/jetty-alpn-openjdk8-server/9.4.19.v20190610/jetty-alpn-openjdk8-server-9.4.19.v20190610.jar:/home/appneta/.m2/repository/org/eclipse/jetty/jetty-alpn-server/9.4.19.v20190610/jetty-alpn-server-9.4.19.v20190610.jar:/home/appneta/.m2/repository/org/eclipse/jetty/jetty-io/9.4.19.v20190610/jetty-io-9.4.19.v20190610.jar:/home/appneta/.m2/repository/io/dropwizard/dropwizard-hibernate/2.0.0-rc5-SNAPSHOT/dropwizard-hibernate-2.0.0-rc5-SNAPSHOT.jar:/home/appneta/.m2/repository/io/dropwizard/dropwizard-db/2.0.0-rc5-SNAPSHOT/dropwizard-db-2.0.0-rc5-SNAPSHOT.jar:/home/appneta/.m2/repository/org/apache/tomcat/tomcat-jdbc/9.0.22/tomcat-jdbc-9.0.22.jar:/home/appneta/.m2/repository/org/apache/tomcat/tomcat-juli/9.0.22/tomcat-juli-9.0.22.jar:/home/appneta/.m2/repository/com/fasterxml/jackson/datatype/jackson-datatype-hibernate5/2.9.9/jackson-datatype-hibernate5-2.9.9.jar:/home/appneta/.m2/repository/org/jadira/usertype/usertype.core/7.0.0.CR1/usertype.core-7.0.0.CR1.jar:/home/appneta/.m2/repository/org/jadira/usertype/usertype.spi/7.0.0.CR1/usertype.spi-7.0.0.CR1.jar:/home/appneta/.m2/repository/org/hibernate/hibernate-core/5.4.4.Final/hibernate-core-5.4.4.Final.jar:/home/appneta/.m2/repository/javax/persistence/javax.persistence-api/2.2/javax.persistence-api-2.2.jar:/home/appneta/.m2/repository/antlr/antlr/2.7.7/antlr-2.7.7.jar:/home/appneta/.m2/repository/org/jboss/spec/javax/transaction/jboss-transaction-api_1.2_spec/1.1.1.Final/jboss-transaction-api_1.2_spec-1.1.1.Final.jar:/home/appneta/.m2/repository/org/jboss/jandex/2.0.5.Final/jandex-2.0.5.Final.jar:/home/appneta/.m2/repository/com/fasterxml/classmate/1.5.0/classmate-1.5.0.jar:/home/appneta/.m2/repository/org/dom4j/dom4j/2.1.1/dom4j-2.1.1.jar:/home/appneta/.m2/repository/org/hibernate/common/hibernate-commons-annotations/5.1.0.Final/hibernate-commons-annotations-5.1.0.Final.jar:/home/appneta/.m2/repository/org/glassfish/jaxb/jaxb-runtime/2.3.1/jaxb-runtime-2.3.1.jar:/home/appneta/.m2/repository/org/glassfish/jaxb/txw2/2.3.1/txw2-2.3.1.jar:/home/appneta/.m2/repository/com/sun/istack/istack-commons-runtime/3.0.7/istack-commons-runtime-3.0.7.jar:/home/appneta/.m2/repository/org/jvnet/staxex/stax-ex/1.8/stax-ex-1.8.jar:/home/appneta/.m2/repository/com/sun/xml/fastinfoset/FastInfoset/1.2.15/FastInfoset-1.2.15.jar:/home/appneta/.m2/repository/io/dropwizard/dropwizard-migrations/2.0.0-rc5-SNAPSHOT/dropwizard-migrations-2.0.0-rc5-SNAPSHOT.jar:/home/appneta/.m2/repository/org/liquibase/liquibase-core/3.7.0/liquibase-core-3.7.0.jar:/home/appneta/.m2/repository/com/mattbertolini/liquibase-slf4j/2.0.0/liquibase-slf4j-2.0.0.jar:/home/appneta/.m2/repository/io/dropwizard/dropwizard-views-freemarker/2.0.0-rc5-SNAPSHOT/dropwizard-views-freemarker-2.0.0-rc5-SNAPSHOT.jar:/home/appneta/.m2/repository/io/dropwizard/dropwizard-views/2.0.0-rc5-SNAPSHOT/dropwizard-views-2.0.0-rc5-SNAPSHOT.jar:/home/appneta/.m2/repository/org/freemarker/freemarker/2.3.28/freemarker-2.3.28.jar:/home/appneta/.m2/repository/io/dropwizard/dropwizard-views-mustache/2.0.0-rc5-SNAPSHOT/dropwizard-views-mustache-2.0.0-rc5-SNAPSHOT.jar:/home/appneta/.m2/repository/com/github/spullara/mustache/java/compiler/0.9.6/compiler-0.9.6.jar:/home/appneta/.m2/repository/io/dropwizard/dropwizard-metrics-graphite/2.0.0-rc5-SNAPSHOT/dropwizard-metrics-graphite-2.0.0-rc5-SNAPSHOT.jar:/home/appneta/.m2/repository/io/dropwizard/metrics/metrics-graphite/4.1.0/metrics-graphite-4.1.0.jar:/home/appneta/.m2/repository/com/rabbitmq/amqp-client/5.5.3/amqp-client-5.5.3.jar:/home/appneta/.m2/repository/com/h2database/h2/1.4.199/h2-1.4.199.jar:/home/appneta/.m2/repository/io/dropwizard/dropwizard-testing/2.0.0-rc5-SNAPSHOT/dropwizard-testing-2.0.0-rc5-SNAPSHOT.jar:/home/appneta/.m2/repository/org/objenesis/objenesis/3.0.1/objenesis-3.0.1.jar:/home/appneta/.m2/repository/org/assertj/assertj-core/3.13.2/assertj-core-3.13.2.jar:/home/appneta/.m2/repository/org/junit/jupiter/junit-jupiter/5.5.2/junit-jupiter-5.5.2.jar:/home/appneta/.m2/repository/org/junit/jupiter/junit-jupiter-api/5.5.1/junit-jupiter-api-5.5.1.jar:/home/appneta/.m2/repository/org/apiguardian/apiguardian-api/1.1.0/apiguardian-api-1.1.0.jar:/home/appneta/.m2/repository/org/opentest4j/opentest4j/1.2.0/opentest4j-1.2.0.jar:/home/appneta/.m2/repository/org/junit/platform/junit-platform-commons/1.5.1/junit-platform-commons-1.5.1.jar:/home/appneta/.m2/repository/org/junit/jupiter/junit-jupiter-params/5.5.1/junit-jupiter-params-5.5.1.jar:/home/appneta/.m2/repository/org/junit/jupiter/junit-jupiter-engine/5.5.1/junit-jupiter-engine-5.5.1.jar:/home/appneta/.m2/repository/org/junit/platform/junit-platform-engine/1.5.1/junit-platform-engine-1.5.1.jar:/home/appneta/.m2/repository/org/mockito/mockito-core/3.0.0/mockito-core-3.0.0.jar:/home/appneta/.m2/repository/net/bytebuddy/byte-buddy/1.10.0/byte-buddy-1.10.0.jar:/home/appneta/.m2/repository/net/bytebuddy/byte-buddy-agent/1.9.10/byte-buddy-agent-1.9.10.jar:/home/appneta/.m2/repository/org/glassfish/jersey/test-framework/providers/jersey-test-framework-provider-inmemory/2.29/jersey-test-framework-provider-inmemory-2.29.jar:/home/appneta/.m2/repository/org/glassfish/jersey/test-framework/jersey-test-framework-core/2.29/jersey-test-framework-core-2.29.jar:/home/appneta/.m2/repository/org/glassfish/jersey/containers/jersey-container-servlet-core/2.29/jersey-container-servlet-core-2.29.jar:/home/appneta/.m2/repository/org/glassfish/jersey/core/jersey-server/2.29/jersey-server-2.29.jar:/home/appneta/.m2/repository/org/glassfish/jersey/core/jersey-common/2.29/jersey-common-2.29.jar:/home/appneta/.m2/repository/org/glassfish/hk2/osgi-resource-locator/1.0.3/osgi-resource-locator-1.0.3.jar:/home/appneta/.m2/repository/jakarta/ws/rs/jakarta.ws.rs-api/2.1.5/jakarta.ws.rs-api-2.1.5.jar:/home/appneta/.m2/repository/org/glassfish/jersey/media/jersey-media-jaxb/2.29/jersey-media-jaxb-2.29.jar:/home/appneta/.m2/repository/jakarta/annotation/jakarta.annotation-api/1.3.4/jakarta.annotation-api-1.3.4.jar:/home/appneta/.m2/repository/org/glassfish/hk2/external/jakarta.inject/2.5.0/jakarta.inject-2.5.0.jar:/home/appneta/.m2/repository/javax/validation/validation-api/2.0.1.Final/validation-api-2.0.1.Final.jar:/home/appneta/.m2/repository/org/glassfish/jersey/core/jersey-client/2.29/jersey-client-2.29.jar:/home/appneta/.m2/repository/org/glassfish/jersey/test-framework/providers/jersey-test-framework-provider-grizzly2/2.29/jersey-test-framework-provider-grizzly2-2.29.jar:/home/appneta/.m2/repository/jakarta/servlet/jakarta.servlet-api/4.0.2/jakarta.servlet-api-4.0.2.jar:/home/appneta/.m2/repository/org/glassfish/jersey/containers/jersey-container-grizzly2-http/2.29/jersey-container-grizzly2-http-2.29.jar:/home/appneta/.m2/repository/org/glassfish/grizzly/grizzly-http-server/2.4.4/grizzly-http-server-2.4.4.jar:/home/appneta/.m2/repository/org/glassfish/grizzly/grizzly-http/2.4.4/grizzly-http-2.4.4.jar:/home/appneta/.m2/repository/org/glassfish/grizzly/grizzly-framework/2.4.4/grizzly-framework-2.4.4.jar:/home/appneta/.m2/repository/org/glassfish/jersey/containers/jersey-container-grizzly2-servlet/2.29/jersey-container-grizzly2-servlet-2.29.jar:/home/appneta/.m2/repository/org/glassfish/grizzly/grizzly-http-servlet/2.4.4/grizzly-http-servlet-2.4.4.jar:"/>
    <property name="sun.cpu.endian" value="little"/>
    <property name="user.home" value="/home/appneta"/>
    <property name="user.language" value="en"/>
    <property name="java.specification.vendor" value="Oracle Corporation"/>
    <property name="java.home" value="/usr/lib/jvm/java-8-openjdk-amd64/jre"/>
    <property name="basedir" value="/home/appneta/test/server"/>
    <property name="file.separator" value="/"/>
    <property name="line.separator" value="&#10;"/>
    <property name="java.vm.specification.vendor" value="Oracle Corporation"/>
    <property name="java.specification.name" value="Java Platform API Specification"/>
    <property name="java.awt.graphicsenv" value="sun.awt.X11GraphicsEnvironment"/>
    <property name="surefire.real.class.path" value="/home/appneta/test/server/target/surefire/surefirebooter4789875554334502332.jar:/home/appneta/.m2/repository/org/jacoco/org.jacoco.agent/0.8.0/org.jacoco.agent-0.8.0-runtime.jar"/>
    <property name="sun.boot.class.path" value="/usr/lib/jvm/java-8-openjdk-amd64/jre/lib/resources.jar:/usr/lib/jvm/java-8-openjdk-amd64/jre/lib/rt.jar:/usr/lib/jvm/java-8-openjdk-amd64/jre/lib/sunrsasign.jar:/usr/lib/jvm/java-8-openjdk-amd64/jre/lib/jsse.jar:/usr/lib/jvm/java-8-openjdk-amd64/jre/lib/jce.jar:/usr/lib/jvm/java-8-openjdk-amd64/jre/lib/charsets.jar:/usr/lib/jvm/java-8-openjdk-amd64/jre/lib/jfr.jar:/usr/lib/jvm/java-8-openjdk-amd64/jre/classes"/>
    <property name="sun.management.compiler" value="HotSpot 64-Bit Tiered Compilers"/>
    <property name="java.runtime.version" value="1.8.0_222-8u222-b10-1ubuntu1~16.04.1-b10"/>
    <property name="user.name" value="appneta"/>
    <property name="path.separator" value=":"/>
    <property name="os.version" value="4.4.0-164-generic"/>
    <property name="java.endorsed.dirs" value="/usr/lib/jvm/java-8-openjdk-amd64/jre/lib/endorsed"/>
    <property name="java.runtime.name" value="OpenJDK Runtime Environment"/>
    <property name="file.encoding" value="UTF-8"/>
    <property name="java.vm.name" value="OpenJDK 64-Bit Server VM"/>
    <property name="localRepository" value="/home/appneta/.m2/repository"/>
    <property name="java.vendor.url.bug" value="http://bugreport.sun.com/bugreport/"/>
    <property name="java.io.tmpdir" value="/tmp"/>
    <property name="java.version" value="1.8.0_222"/>
    <property name="user.dir" value="/home/appneta/test/server"/>
    <property name="os.arch" value="amd64"/>
    <property name="java.vm.specification.name" value="Java Virtual Machine Specification"/>
    <property name="java.awt.printerjob" value="sun.print.PSPrinterJob"/>
    <property name="sun.os.patch.level" value="unknown"/>
    <property name="java.library.path" value="/usr/java/packages/lib/amd64:/usr/lib/x86_64-linux-gnu/jni:/lib/x86_64-linux-gnu:/usr/lib/x86_64-linux-gnu:/usr/lib/jni:/lib:/usr/lib"/>
    <property name="java.vm.info" value="mixed mode"/>
    <property name="java.vendor" value="Private Build"/>
    <property name="java.vm.version" value="25.222-b10"/>
    <property name="java.ext.dirs" value="/usr/lib/jvm/java-8-openjdk-amd64/jre/lib/ext:/usr/java/packages/lib/ext"/>
    <property name="sun.io.unicode.encoding" value="UnicodeLittle"/>
    <property name="java.class.version" value="52.0"/>
  </properties>
  <testcase name="testPlayerResource" classname="com.example.helloworld.IntegrationTest" time="4.928"/>
  <testcase name="testHelloWorld" classname="com.example.helloworld.IntegrationTest" time="0.313"/>
</testsuite>